# compute-mfcc-feats --verbose=2 --config=conf/mfcc.conf scp,p:prep_out/data/log/wav_data.1.scp ark:- | copy-feats --compress=true ark:- ark,scp:/data/zzandore/project/kaldi_tools/tools/plot_ali_gz_from_mono/prep_out/data/data/raw_mfcc_data.1.ark,/data/zzandore/project/kaldi_tools/tools/plot_ali_gz_from_mono/prep_out/data/data/raw_mfcc_data.1.scp 
# Started at Sat Jan 20 00:14:13 KST 2018
#
copy-feats --compress=true ark:- ark,scp:/data/zzandore/project/kaldi_tools/tools/plot_ali_gz_from_mono/prep_out/data/data/raw_mfcc_data.1.ark,/data/zzandore/project/kaldi_tools/tools/plot_ali_gz_from_mono/prep_out/data/data/raw_mfcc_data.1.scp 
compute-mfcc-feats --verbose=2 --config=conf/mfcc.conf scp,p:prep_out/data/log/wav_data.1.scp ark:- 
VLOG[2] (compute-mfcc-feats[5.2.38~1-b82b8]:main():compute-mfcc-feats.cc:178) Processed features for key lib-0001-fc-001
VLOG[2] (compute-mfcc-feats[5.2.38~1-b82b8]:main():compute-mfcc-feats.cc:178) Processed features for key lib-0001-fc-002
VLOG[2] (compute-mfcc-feats[5.2.38~1-b82b8]:main():compute-mfcc-feats.cc:178) Processed features for key lib-0001-fc-003
VLOG[2] (compute-mfcc-feats[5.2.38~1-b82b8]:main():compute-mfcc-feats.cc:178) Processed features for key lib-0001-fc-004
VLOG[2] (compute-mfcc-feats[5.2.38~1-b82b8]:main():compute-mfcc-feats.cc:178) Processed features for key lib-0001-fc-005
VLOG[2] (compute-mfcc-feats[5.2.38~1-b82b8]:main():compute-mfcc-feats.cc:178) Processed features for key lib-0001-fc-006
VLOG[2] (compute-mfcc-feats[5.2.38~1-b82b8]:main():compute-mfcc-feats.cc:178) Processed features for key lib-0001-fc-007
VLOG[2] (compute-mfcc-feats[5.2.38~1-b82b8]:main():compute-mfcc-feats.cc:178) Processed features for key lib-0001-fc-008
VLOG[2] (compute-mfcc-feats[5.2.38~1-b82b8]:main():compute-mfcc-feats.cc:178) Processed features for key lib-0001-fc-008-part
LOG (compute-mfcc-feats[5.2.38~1-b82b8]:main():compute-mfcc-feats.cc:177) Processed 10 utterances
VLOG[2] (compute-mfcc-feats[5.2.38~1-b82b8]:main():compute-mfcc-feats.cc:178) Processed features for key lib-0001-fc-009
VLOG[2] (compute-mfcc-feats[5.2.38~1-b82b8]:main():compute-mfcc-feats.cc:178) Processed features for key lib-0001-fc-010
LOG (compute-mfcc-feats[5.2.38~1-b82b8]:main():compute-mfcc-feats.cc:181)  Done 11 out of 11 utterances.
LOG (copy-feats[5.2.38~1-b82b8]:main():copy-feats.cc:143) Copied 11 feature matrices.
# Accounting: time=1 threads=1
# Ended (code 0) at Sat Jan 20 00:14:14 KST 2018, elapsed time 1 seconds
