# gmm-align-compiled --transition-scale=1.0 --acoustic-scale=0.1 --self-loop-scale=0.1 --beam=10 --retry-beam=40 --careful=false "gmm-boost-silence --boost=1.0 1 ../../../kaldi/eval_pron_v3/model/word_unit/am_tri3//final.alimdl - |" "ark:gunzip -c ./align/fsts.1.gz|" "ark,s,cs:apply-cmvn  --utt2spk=ark:prep_out/data//split1/1/utt2spk scp:prep_out/data//split1/1/cmvn.scp scp:prep_out/data//split1/1/feats.scp ark:- | add-deltas  ark:- ark:- |" "ark:|gzip -c >./align/pre_ali.1.gz" 
# Started at Wed Jan 17 12:39:00 KST 2018
#
gmm-align-compiled --transition-scale=1.0 --acoustic-scale=0.1 --self-loop-scale=0.1 --beam=10 --retry-beam=40 --careful=false 'gmm-boost-silence --boost=1.0 1 ../../../kaldi/eval_pron_v3/model/word_unit/am_tri3//final.alimdl - |' 'ark:gunzip -c ./align/fsts.1.gz|' 'ark,s,cs:apply-cmvn  --utt2spk=ark:prep_out/data//split1/1/utt2spk scp:prep_out/data//split1/1/cmvn.scp scp:prep_out/data//split1/1/feats.scp ark:- | add-deltas  ark:- ark:- |' 'ark:|gzip -c >./align/pre_ali.1.gz' 
gmm-boost-silence --boost=1.0 1 ../../../kaldi/eval_pron_v3/model/word_unit/am_tri3//final.alimdl - 
WARNING (gmm-boost-silence[5.2.38~1-b82b8]:main():gmm-boost-silence.cc:82) The pdfs for the silence phones may be shared by other phones (note: this probably does not matter.)
LOG (gmm-boost-silence[5.2.38~1-b82b8]:main():gmm-boost-silence.cc:93) Boosted weights for 5 pdfs, by factor of 1
LOG (gmm-boost-silence[5.2.38~1-b82b8]:main():gmm-boost-silence.cc:103) Wrote model to -
add-deltas ark:- ark:- 
apply-cmvn --utt2spk=ark:prep_out/data//split1/1/utt2spk scp:prep_out/data//split1/1/cmvn.scp scp:prep_out/data//split1/1/feats.scp ark:- 
LOG (gmm-align-compiled[5.2.38~1-b82b8]:main():gmm-align-compiled.cc:127) lib-0001-fc-001
LOG (gmm-align-compiled[5.2.38~1-b82b8]:main():gmm-align-compiled.cc:127) lib-0001-fc-002
LOG (gmm-align-compiled[5.2.38~1-b82b8]:main():gmm-align-compiled.cc:127) lib-0001-fc-003
LOG (gmm-align-compiled[5.2.38~1-b82b8]:main():gmm-align-compiled.cc:127) lib-0001-fc-004
LOG (gmm-align-compiled[5.2.38~1-b82b8]:main():gmm-align-compiled.cc:127) lib-0001-fc-005
LOG (gmm-align-compiled[5.2.38~1-b82b8]:main():gmm-align-compiled.cc:127) lib-0001-fc-006
LOG (gmm-align-compiled[5.2.38~1-b82b8]:main():gmm-align-compiled.cc:127) lib-0001-fc-007
LOG (apply-cmvn[5.2.38~1-b82b8]:main():apply-cmvn.cc:162) Applied cepstral mean normalization to 11 utterances, errors on 0
LOG (gmm-align-compiled[5.2.38~1-b82b8]:main():gmm-align-compiled.cc:127) lib-0001-fc-008
LOG (gmm-align-compiled[5.2.38~1-b82b8]:main():gmm-align-compiled.cc:127) lib-0001-fc-008-part
LOG (gmm-align-compiled[5.2.38~1-b82b8]:main():gmm-align-compiled.cc:127) lib-0001-fc-009
LOG (gmm-align-compiled[5.2.38~1-b82b8]:main():gmm-align-compiled.cc:127) lib-0001-fc-010
LOG (gmm-align-compiled[5.2.38~1-b82b8]:main():gmm-align-compiled.cc:135) Overall log-likelihood per frame is -99.6212 over 14515 frames.
LOG (gmm-align-compiled[5.2.38~1-b82b8]:main():gmm-align-compiled.cc:137) Retried 0 out of 11 utterances.
LOG (gmm-align-compiled[5.2.38~1-b82b8]:main():gmm-align-compiled.cc:139) Done 11, errors on 0
# Accounting: time=1 threads=1
# Ended (code 0) at Wed Jan 17 12:39:01 KST 2018, elapsed time 1 seconds
