# ali-to-post "ark:gunzip -c ./align/pre_ali.1.gz|" ark:- | weight-silence-post 0.0 1:2:3:4:5:6:7:8:9:10 ../../../kaldi/eval_pron_v3/model/word_unit/am_tri3//final.alimdl ark:- ark:- | gmm-post-to-gpost ../../../kaldi/eval_pron_v3/model/word_unit/am_tri3//final.alimdl "ark,s,cs:apply-cmvn  --utt2spk=ark:prep_out/data//split1/1/utt2spk scp:prep_out/data//split1/1/cmvn.scp scp:prep_out/data//split1/1/feats.scp ark:- | add-deltas  ark:- ark:- |" ark:- ark:- | gmm-est-fmllr-gpost --fmllr-update-type=full --spk2utt=ark:prep_out/data//split1/1/spk2utt ../../../kaldi/eval_pron_v3/model/word_unit/am_tri3//final.mdl "ark,s,cs:apply-cmvn  --utt2spk=ark:prep_out/data//split1/1/utt2spk scp:prep_out/data//split1/1/cmvn.scp scp:prep_out/data//split1/1/feats.scp ark:- | add-deltas  ark:- ark:- |" ark,s,cs:- ark:./align/trans.1 
# Started at Wed Jan 17 12:39:01 KST 2018
#
ali-to-post 'ark:gunzip -c ./align/pre_ali.1.gz|' ark:- 
weight-silence-post 0.0 1:2:3:4:5:6:7:8:9:10 ../../../kaldi/eval_pron_v3/model/word_unit/am_tri3//final.alimdl ark:- ark:- 
gmm-est-fmllr-gpost --fmllr-update-type=full --spk2utt=ark:prep_out/data//split1/1/spk2utt ../../../kaldi/eval_pron_v3/model/word_unit/am_tri3//final.mdl 'ark,s,cs:apply-cmvn  --utt2spk=ark:prep_out/data//split1/1/utt2spk scp:prep_out/data//split1/1/cmvn.scp scp:prep_out/data//split1/1/feats.scp ark:- | add-deltas  ark:- ark:- |' ark,s,cs:- ark:./align/trans.1 
gmm-post-to-gpost ../../../kaldi/eval_pron_v3/model/word_unit/am_tri3//final.alimdl 'ark,s,cs:apply-cmvn  --utt2spk=ark:prep_out/data//split1/1/utt2spk scp:prep_out/data//split1/1/cmvn.scp scp:prep_out/data//split1/1/feats.scp ark:- | add-deltas  ark:- ark:- |' ark:- ark:- 
add-deltas ark:- ark:- 
apply-cmvn --utt2spk=ark:prep_out/data//split1/1/utt2spk scp:prep_out/data//split1/1/cmvn.scp scp:prep_out/data//split1/1/feats.scp ark:- 
apply-cmvn --utt2spk=ark:prep_out/data//split1/1/utt2spk scp:prep_out/data//split1/1/cmvn.scp scp:prep_out/data//split1/1/feats.scp ark:- 
add-deltas ark:- ark:- 
LOG (ali-to-post[5.2.38~1-b82b8]:main():ali-to-post.cc:73) Converted 11 alignments.
LOG (weight-silence-post[5.2.38~1-b82b8]:main():weight-silence-post.cc:95) Done 11 posteriors.
LOG (apply-cmvn[5.2.38~1-b82b8]:main():apply-cmvn.cc:162) Applied cepstral mean normalization to 11 utterances, errors on 0
LOG (apply-cmvn[5.2.38~1-b82b8]:main():apply-cmvn.cc:162) Applied cepstral mean normalization to 11 utterances, errors on 0
LOG (gmm-post-to-gpost[5.2.38~1-b82b8]:main():gmm-post-to-gpost.cc:124) Done 11 files, 0 with no posteriors, 0 with other errors.
LOG (gmm-post-to-gpost[5.2.38~1-b82b8]:main():gmm-post-to-gpost.cc:128) Overall avg like per frame (Gaussian only) = -104.787 over 10198 frames.
LOG (gmm-post-to-gpost[5.2.38~1-b82b8]:main():gmm-post-to-gpost.cc:131) Done converting post to gpost
LOG (gmm-est-fmllr-gpost[5.2.38~1-b82b8]:ComputeFmllrMatrixDiagGmmFull():fmllr-diag-gmm.cc:262) fMLLR objf improvement is 14.4911 per frame over 10198 frames.
LOG (gmm-est-fmllr-gpost[5.2.38~1-b82b8]:main():gmm-est-fmllr-gpost.cc:141) For speaker SPEAKER, auxf-impr from fMLLR is 14.4911, over 10198 frames.
LOG (gmm-est-fmllr-gpost[5.2.38~1-b82b8]:main():gmm-est-fmllr-gpost.cc:186) Done 11 files, 0 with no gposts, 0 with other errors.
LOG (gmm-est-fmllr-gpost[5.2.38~1-b82b8]:main():gmm-est-fmllr-gpost.cc:188) Overall fMLLR auxf impr per frame is 14.4911 over 10198 frames.
# Accounting: time=0 threads=1
# Ended (code 0) at Wed Jan 17 12:39:01 KST 2018, elapsed time 0 seconds
